2021-07-21 12:26:42 +0000  Initial pipeline context: <IDEDistributionProcessingPipelineContext: 0x7fef6f8dc0e0; archive(resolved)='<IDEArchive: 0x7fef79a1e600>', distributionTask(resolved)='2', distributionDestination(resolved)='1', distributionMethod(resolved)='<IDEDistributionMethodDevelopmentSigned: 0x7fef7aa15b10>', team(resolved)='<IDEProvisioningDisambiguatableBasicTeam: 0x7fef927b7160; teamID='C8XGHQL74J', teamName='ServeOn Inc.', teamType='(null)', username='(null)', isFreeProvisioningTeam='0'>'>
	Chain (14, self inclusive):
	<IDEDistributionProcessingPipelineContext: 0x7fef6f8dc0e0; archive = '<IDEArchive: 0x7fef79a1e600>', distributionMethod='<IDEDistributionMethodDevelopmentSigned: 0x7fef7aa15b10>', team='<IDEProvisioningDisambiguatableBasicTeam: 0x7fef927b7160; teamID='C8XGHQL74J', teamName='ServeOn Inc.', teamType='(null)', username='(null)', isFreeProvisioningTeam='0'>'>
	<IDEDistributionProcessingPipelineContext: 0x7fef968e96a0; archive = '<IDEArchive: 0x7fef79a1e600>', distributionMethod='<IDEDistributionMethodDevelopmentSigned: 0x7fef7aa15b10>', team='<IDEProvisioningDisambiguatableBasicTeam: 0x7fef927b7160; teamID='C8XGHQL74J', teamName='ServeOn Inc.', teamType='(null)', username='(null)', isFreeProvisioningTeam='0'>'>
	<IDEDistributionContext: 0x7fef7041ad40; archive = '<IDEArchive: 0x7fef79a1e600>', distributionMethod='<IDEDistributionMethodDevelopmentSigned: 0x7fef7aa15b10>', team='<IDEProvisioningDisambiguatableBasicTeam: 0x7fef927b7160; teamID='C8XGHQL74J', teamName='ServeOn Inc.', teamType='(null)', username='(null)', isFreeProvisioningTeam='0'>'>
	<IDEDistributionContext: 0x7fef81d5e880; archive = '<IDEArchive: 0x7fef79a1e600>', distributionMethod='<IDEDistributionMethodDevelopmentSigned: 0x7fef7aa15b10>', team='<IDEProvisioningDisambiguatableBasicTeam: 0x7fef927b7160; teamID='C8XGHQL74J', teamName='ServeOn Inc.', teamType='(null)', username='(null)', isFreeProvisioningTeam='0'>'>
	<IDEDistributionContext: 0x7fef7f258970; archive = '<IDEArchive: 0x7fef79a1e600>', distributionMethod='<IDEDistributionMethodDevelopmentSigned: 0x7fef7aa15b10>', team='<IDEProvisioningDisambiguatableBasicTeam: 0x7fef927b7160; teamID='C8XGHQL74J', teamName='ServeOn Inc.', teamType='(null)', username='(null)', isFreeProvisioningTeam='0'>'>
	<IDEDistributionContext: 0x7fef91cfcf10; archive = '<IDEArchive: 0x7fef79a1e600>', distributionMethod='<IDEDistributionMethodDevelopmentSigned: 0x7fef7aa15b10>', team='<IDEProvisioningDisambiguatableBasicTeam: 0x7fef927b7160; teamID='C8XGHQL74J', teamName='ServeOn Inc.', teamType='(null)', username='(null)', isFreeProvisioningTeam='0'>'>
	<IDEDistributionContext: 0x7fef81d1bf60; archive = '<IDEArchive: 0x7fef79a1e600>', distributionMethod='<IDEDistributionMethodDevelopmentSigned: 0x7fef7aa15b10>', team='<IDEProvisioningDisambiguatableBasicTeam: 0x7fef927b7160; teamID='C8XGHQL74J', teamName='ServeOn Inc.', teamType='(null)', username='(null)', isFreeProvisioningTeam='0'>'>
	<IDEDistributionContext: 0x7fef81f511e0; archive = '<IDEArchive: 0x7fef79a1e600>', distributionMethod='<IDEDistributionMethodDevelopmentSigned: 0x7fef7aa15b10>', team='<IDEProvisioningDisambiguatableBasicTeam: 0x7fef927b7160; teamID='C8XGHQL74J', teamName='ServeOn Inc.', teamType='(null)', username='(null)', isFreeProvisioningTeam='0'>'>
	<IDEDistributionContext: 0x7fef81f43c60; archive = '<IDEArchive: 0x7fef79a1e600>', distributionMethod='<IDEDistributionMethodDevelopmentSigned: 0x7fef7aa15b10>', team='<IDEProvisioningDisambiguatableBasicTeam: 0x7fef927b7160; teamID='C8XGHQL74J', teamName='ServeOn Inc.', teamType='(null)', username='(null)', isFreeProvisioningTeam='0'>'>
	<IDEDistributionContext: 0x7fef7d728d90; archive = '<IDEArchive: 0x7fef79a1e600>', distributionMethod='<IDEDistributionMethodDevelopmentSigned: 0x7fef7aa15b10>', team='(null)'>
	<IDEDistributionContext: 0x7fef7c52b740; archive = '<IDEArchive: 0x7fef79a1e600>', distributionMethod='<IDEDistributionMethodDevelopmentSigned: 0x7fef7aa15b10>', team='(null)'>
	<IDEDistributionContext: 0x7fef7c5bcfc0; archive = '<IDEArchive: 0x7fef79a1e600>', distributionMethod='<IDEDistributionMethodDevelopmentSigned: 0x7fef7aa15b10>', team='(null)'>
	<IDEDistributionContext: 0x7fef7aa749c0; archive = '<IDEArchive: 0x7fef79a1e600>', distributionMethod='<IDEDistributionMethodDevelopmentSigned: 0x7fef7aa15b10>', team='(null)'>
	<IDEDistributionContext: 0x7fef7d033220; archive = '<IDEArchive: 0x7fef79a1e600>', distributionMethod='(null)', team='(null)'>
</IDEDistributionProcessingPipelineContext: 0x7fef6f8dc0e0>
2021-07-21 12:26:42 +0000  Processing step: IDEDistributionCreateDestRootStep
2021-07-21 12:26:42 +0000  Processing step: IDEDistributionCopyItemStep
2021-07-21 12:26:42 +0000  Running /usr/bin/ditto '-V' '/Users/ios/Library/Developer/Xcode/Archives/2021-07-21/Majesty 21-07-21, 5.56 PM.xcarchive/Products/Applications/Majesty.app' '/var/folders/6m/_brklm2566b_xjy860jcmqg40000gn/T/XcodeDistPipeline.~~~Zy8KnG/Root/Payload/Majesty.app'
2021-07-21 12:26:42 +0000  >>> Copying /Users/ios/Library/Developer/Xcode/Archives/2021-07-21/Majesty 21-07-21, 5.56 PM.xcarchive/Products/Applications/Majesty.app 
2021-07-21 12:26:42 +0000  copying file ./_CodeSignature/CodeResources ... 
2021-07-21 12:26:42 +0000  17020 bytes for ./_CodeSignature/CodeResources
2021-07-21 12:26:42 +0000  copying file ./SfProDisplay.ttf ... 
2021-07-21 12:26:42 +0000  413924 bytes for ./SfProDisplay.ttf
2021-07-21 12:26:42 +0000  copying file ./AccessibilityResources.bundle/en.lproj/Localizable.strings ... 
2021-07-21 12:26:42 +0000  530 bytes for ./AccessibilityResources.bundle/en.lproj/Localizable.strings
copying file ./AccessibilityResources.bundle/Info.plist ... 
2021-07-21 12:26:42 +0000  745 bytes for ./AccessibilityResources.bundle/Info.plist
2021-07-21 12:26:42 +0000  copying file ./Assets.car ... 
2021-07-21 12:26:42 +0000  41151 bytes for ./Assets.car
2021-07-21 12:26:42 +0000  copying file ./main.jsbundle ... 
2021-07-21 12:26:42 +0000  1688577 bytes for ./main.jsbundle
copying file ./Majesty ... 
2021-07-21 12:26:42 +0000  25533120 bytes for ./Majesty
2021-07-21 12:26:42 +0000  copying file ./LaunchScreen.storyboardc/01J-lp-oVM-view-Ze5-6b-2t3.nib ... 
2021-07-21 12:26:43 +0000  4363 bytes for ./LaunchScreen.storyboardc/01J-lp-oVM-view-Ze5-6b-2t3.nib
copying file ./LaunchScreen.storyboardc/UIViewController-01J-lp-oVM.nib ... 
2021-07-21 12:26:43 +0000  896 bytes for ./LaunchScreen.storyboardc/UIViewController-01J-lp-oVM.nib
copying file ./LaunchScreen.storyboardc/Info.plist ... 
2021-07-21 12:26:43 +0000  258 bytes for ./LaunchScreen.storyboardc/Info.plist
2021-07-21 12:26:43 +0000  copying file ./Frameworks/OpenSSL.framework/_CodeSignature/CodeResources ... 
2021-07-21 12:26:43 +0000  1798 bytes for ./Frameworks/OpenSSL.framework/_CodeSignature/CodeResources
2021-07-21 12:26:43 +0000  copying file ./Frameworks/OpenSSL.framework/OpenSSL ... 
2021-07-21 12:26:43 +0000  10657632 bytes for ./Frameworks/OpenSSL.framework/OpenSSL
copying file ./Frameworks/OpenSSL.framework/Info.plist ... 
2021-07-21 12:26:43 +0000  716 bytes for ./Frameworks/OpenSSL.framework/Info.plist
copying file ./embedded.mobileprovision ... 
17624 bytes for ./embedded.mobileprovision
copying file ./SfProDisplayBold.ttf ... 
2021-07-21 12:26:43 +0000  435904 bytes for ./SfProDisplayBold.ttf
2021-07-21 12:26:43 +0000  copying file ./assets/app/assets/giphy-8.png ... 
2021-07-21 12:26:43 +0000  504832 bytes for ./assets/app/assets/giphy-8.png
2021-07-21 12:26:43 +0000  copying file ./assets/app/assets/giphy-9.png ... 
2021-07-21 12:26:43 +0000  874162 bytes for ./assets/app/assets/giphy-9.png
copying file ./assets/app/assets/emoji.png ... 
2021-07-21 12:26:43 +0000  943 bytes for ./assets/app/assets/emoji.png
2021-07-21 12:26:43 +0000  copying file ./assets/app/assets/ellipse.png ... 
2021-07-21 12:26:43 +0000  726 bytes for ./assets/app/assets/ellipse.png
copying file ./assets/app/assets/settings.png ... 
2021-07-21 12:26:43 +0000  1318 bytes for ./assets/app/assets/settings.png
copying file ./assets/app/assets/post.png ... 
2021-07-21 12:26:43 +0000  900 bytes for ./assets/app/assets/post.png
copying file ./assets/app/assets/giphy-2.gif ... 
2021-07-21 12:26:43 +0000  2932137 bytes for ./assets/app/assets/giphy-2.gif
copying file ./assets/app/assets/giphy-3.gif ... 
2021-07-21 12:26:43 +0000  2856585 bytes for ./assets/app/assets/giphy-3.gif
copying file ./assets/app/assets/giphy-1.gif ... 
2021-07-21 12:26:43 +0000  2861192 bytes for ./assets/app/assets/giphy-1.gif
copying file ./assets/app/assets/library.png ... 
2021-07-21 12:26:43 +0000  566 bytes for ./assets/app/assets/library.png
copying file ./assets/app/assets/giphy-4.gif ... 
2021-07-21 12:26:43 +0000  2341504 bytes for ./assets/app/assets/giphy-4.gif
copying file ./assets/app/assets/repeat.png ... 
2021-07-21 12:26:43 +0000  1305 bytes for ./assets/app/assets/repeat.png
copying file ./assets/app/assets/dots.png ... 
359 bytes for ./assets/app/assets/dots.png
copying file ./assets/app/assets/like.png ... 
1565 bytes for ./assets/app/assets/like.png
copying file ./assets/app/assets/search.png ... 
982 bytes for ./assets/app/assets/search.png
copying file ./assets/app/assets/heart.png ... 
518 bytes for ./assets/app/assets/heart.png
copying file ./assets/app/assets/pause.png ... 
301 bytes for ./assets/app/assets/pause.png
copying file ./assets/app/assets/track_notes.png ... 
1040 bytes for ./assets/app/assets/track_notes.png
copying file ./assets/app/assets/bottomCrown.png ... 
1438 bytes for ./assets/app/assets/bottomCrown.png
copying file ./assets/app/assets/dropdown.png ... 
245 bytes for ./assets/app/assets/dropdown.png
copying file ./assets/app/assets/share.png ... 
2021-07-21 12:26:43 +0000  526 bytes for ./assets/app/assets/share.png
copying file ./assets/app/assets/profile.png ... 
2021-07-21 12:26:43 +0000  931 bytes for ./assets/app/assets/profile.png
2021-07-21 12:26:43 +0000  copying file ./assets/app/assets/artist.png ... 
2021-07-21 12:26:43 +0000  1211281 bytes for ./assets/app/assets/artist.png
copying file ./assets/app/assets/createPost.png ... 
2021-07-21 12:26:43 +0000  539 bytes for ./assets/app/assets/createPost.png
copying file ./assets/app/assets/artistGif.png ... 
2021-07-21 12:26:43 +0000  433155 bytes for ./assets/app/assets/artistGif.png
copying file ./assets/app/assets/message.png ... 
2021-07-21 12:26:43 +0000  369 bytes for ./assets/app/assets/message.png
copying file ./assets/app/assets/play.png ... 
2021-07-21 12:26:43 +0000  375 bytes for ./assets/app/assets/play.png
copying file ./assets/app/assets/crown.png ... 
2021-07-21 12:26:43 +0000  1258 bytes for ./assets/app/assets/crown.png
copying file ./assets/app/assets/giphy-5.png ... 
2021-07-21 12:26:43 +0000  912737 bytes for ./assets/app/assets/giphy-5.png
2021-07-21 12:26:43 +0000  copying file ./assets/app/assets/giphy-7.png ... 
2021-07-21 12:26:43 +0000  776839 bytes for ./assets/app/assets/giphy-7.png
copying file ./assets/app/assets/giphy-10.png ... 
2021-07-21 12:26:43 +0000  1035295 bytes for ./assets/app/assets/giphy-10.png
copying file ./assets/app/assets/close.png ... 
2021-07-21 12:26:43 +0000  2338 bytes for ./assets/app/assets/close.png
copying file ./assets/app/assets/giphy-6.png ... 
2021-07-21 12:26:43 +0000  877401 bytes for ./assets/app/assets/giphy-6.png
copying file ./assets/app/assets/Majesty.png ... 
2021-07-21 12:26:43 +0000  7853 bytes for ./assets/app/assets/Majesty.png
2021-07-21 12:26:43 +0000  copying file ./assets/node_modules/css-tree/package.json ... 
2021-07-21 12:26:43 +0000  1977 bytes for ./assets/node_modules/css-tree/package.json
2021-07-21 12:26:43 +0000  copying file ./assets/node_modules/css-tree/data/patch.json ... 
2021-07-21 12:26:43 +0000  38458 bytes for ./assets/node_modules/css-tree/data/patch.json
2021-07-21 12:26:43 +0000  copying file ./assets/node_modules/react-native/Libraries/NewAppScreen/components/logo.png ... 
2021-07-21 12:26:43 +0000  24031 bytes for ./assets/node_modules/react-native/Libraries/NewAppScreen/components/logo.png
2021-07-21 12:26:43 +0000  copying file ./assets/node_modules/dom-serializer/foreignNames.json ... 
2021-07-21 12:26:43 +0000  3149 bytes for ./assets/node_modules/dom-serializer/foreignNames.json
2021-07-21 12:26:43 +0000  copying file ./assets/node_modules/css-select/lib/procedure.json ... 
2021-07-21 12:26:43 +0000  145 bytes for ./assets/node_modules/css-select/lib/procedure.json
2021-07-21 12:26:43 +0000  copying file ./assets/node_modules/mdn-data/css/at-rules.json ... 
2021-07-21 12:26:43 +0000  16632 bytes for ./assets/node_modules/mdn-data/css/at-rules.json
copying file ./assets/node_modules/mdn-data/css/properties.json ... 
2021-07-21 12:26:43 +0000  265782 bytes for ./assets/node_modules/mdn-data/css/properties.json
copying file ./assets/node_modules/mdn-data/css/syntaxes.json ... 
2021-07-21 12:26:43 +0000  26634 bytes for ./assets/node_modules/mdn-data/css/syntaxes.json
2021-07-21 12:26:43 +0000  copying file ./assets/node_modules/entities/lib/maps/xml.json ... 
2021-07-21 12:26:43 +0000  53 bytes for ./assets/node_modules/entities/lib/maps/xml.json
copying file ./assets/node_modules/entities/lib/maps/decode.json ... 
2021-07-21 12:26:43 +0000  299 bytes for ./assets/node_modules/entities/lib/maps/decode.json
2021-07-21 12:26:43 +0000  copying file ./assets/node_modules/entities/lib/maps/entities.json ... 
2021-07-21 12:26:43 +0000  32977 bytes for ./assets/node_modules/entities/lib/maps/entities.json
2021-07-21 12:26:43 +0000  copying file ./assets/node_modules/entities/lib/maps/legacy.json ... 
2021-07-21 12:26:43 +0000  1356 bytes for ./assets/node_modules/entities/lib/maps/legacy.json
2021-07-21 12:26:43 +0000  copying file ./Info.plist ... 
2021-07-21 12:26:43 +0000  1312 bytes for ./Info.plist
2021-07-21 12:26:43 +0000  copying file ./PkgInfo ... 
2021-07-21 12:26:43 +0000  8 bytes for ./PkgInfo
2021-07-21 12:26:43 +0000  /usr/bin/ditto exited with 0
2021-07-21 12:26:43 +0000  Processing step: IDEDistributionEmbedProfileStep
2021-07-21 12:26:43 +0000  Skipping profile for item: <IDEDistributionItem: 0x7fef6ec11800; bundleID='com.github.krzyzanowskim.OpenSSL', path='<DVTFilePath:0x7fef7d6247c0:'/Users/ios/Library/Developer/Xcode/Archives/2021-07-21/Majesty 21-07-21, 5.56 PM.xcarchive/Products/Applications/Majesty.app/Frameworks/OpenSSL.framework'>', codeSigningInfo='<_DVTCodeSigningInformation_Path: 0x7fef80ec1760; isSigned='1', isAdHocSigned='0', signingCertificate='<DVTSigningCertificate: 0x7fef7d914380; name='Apple Development: Codetribe Solutions (CUFDWZQY7R)', hash='2D36EDB76F63BC04454847CB2626E860119401CA', serialNumber='<DVTSigningCertificateSerialNumber: 0x7fef7c6dd3d0>', certificateKinds='(
    "1.2.840.113635.100.6.1.12",
    "1.2.840.113635.100.6.1.2"
), issueDate='2021-02-12 11:26:07 +0000''>', entitlements='(null)', teamID='C8XGHQL74J', identifier='com.github.krzyzanowskim.OpenSSL', executablePath='<DVTFilePath:0x7fef7da6d320:'/Users/ios/Library/Developer/Xcode/Archives/2021-07-21/Majesty 21-07-21, 5.56 PM.xcarchive/Products/Applications/Majesty.app/Frameworks/OpenSSL.framework/OpenSSL'>', hardenedRuntime='0'>'>
2021-07-21 12:26:43 +0000  Processing step: IDEDistributionInfoPlistStep
2021-07-21 12:26:43 +0000  Skipping step: IDEDistributionInfoPlistStep because it said so
2021-07-21 12:26:43 +0000  Skipping step: IDEDistributionInfoPlistStep because it said so
2021-07-21 12:26:43 +0000  Processing step: IDEDistributionAppThinningPlistStep
2021-07-21 12:26:43 +0000  Skipping step: IDEDistributionAppThinningPlistStep because it said so
2021-07-21 12:26:43 +0000  Processing step: IDEDistributionCompileBitcodeStep
2021-07-21 12:26:43 +0000  Skipping step: IDEDistributionCompileBitcodeStep because it said so
2021-07-21 12:26:43 +0000  Processing step: IDEDistributionCodeSlimmingStep
2021-07-21 12:26:43 +0000  Running /Applications/Xcode.app/Contents/Developer/Toolchains/XcodeDefault.xctoolchain/usr/bin/bitcode_strip '/var/folders/6m/_brklm2566b_xjy860jcmqg40000gn/T/XcodeDistPipeline.~~~Zy8KnG/Root/Payload/Majesty.app/Frameworks/OpenSSL.framework/OpenSSL' '-r' '-o' '/var/folders/6m/_brklm2566b_xjy860jcmqg40000gn/T/XcodeDistPipeline.~~~Zy8KnG/Root/Payload/Majesty.app/Frameworks/OpenSSL.framework/OpenSSL'
2021-07-21 12:26:43 +0000  /Applications/Xcode.app/Contents/Developer/Toolchains/XcodeDefault.xctoolchain/usr/bin/bitcode_strip exited with 0
2021-07-21 12:26:43 +0000  Running /Applications/Xcode.app/Contents/Developer/Toolchains/XcodeDefault.xctoolchain/usr/bin/bitcode_strip '/var/folders/6m/_brklm2566b_xjy860jcmqg40000gn/T/XcodeDistPipeline.~~~Zy8KnG/Root/Payload/Majesty.app/Majesty' '-r' '-o' '/var/folders/6m/_brklm2566b_xjy860jcmqg40000gn/T/XcodeDistPipeline.~~~Zy8KnG/Root/Payload/Majesty.app/Majesty'
2021-07-21 12:26:43 +0000  /Applications/Xcode.app/Contents/Developer/Toolchains/XcodeDefault.xctoolchain/usr/bin/bitcode_strip exited with 0
2021-07-21 12:26:43 +0000  Processing step: IDEDistributionCopyBCSymbolMapsStep
2021-07-21 12:26:43 +0000  Skipping step: IDEDistributionCopyBCSymbolMapsStep because it said so
2021-07-21 12:26:43 +0000  Skipping step: IDEDistributionCopyBCSymbolMapsStep because it said so
2021-07-21 12:26:43 +0000  Processing step: IDEDistributionSymbolsStep
2021-07-21 12:26:43 +0000  Skipping step: IDEDistributionSymbolsStep because it said so
2021-07-21 12:26:43 +0000  Skipping step: IDEDistributionSymbolsStep because it said so
2021-07-21 12:26:43 +0000  Processing step: IDEDistributionAppThinningStep
2021-07-21 12:26:43 +0000  Skipping step: IDEDistributionAppThinningStep because it said so
2021-07-21 12:26:43 +0000  Processing step: IDEDistributionArchThinningStep
2021-07-21 12:26:43 +0000  Running /Applications/Xcode.app/Contents/Developer/Toolchains/XcodeDefault.xctoolchain/usr/bin/lipo '/var/folders/6m/_brklm2566b_xjy860jcmqg40000gn/T/XcodeDistPipeline.~~~Zy8KnG/Root/Payload/Majesty.app/Frameworks/OpenSSL.framework/OpenSSL' '-verify_arch' 'arm64e'
2021-07-21 12:26:43 +0000  /Applications/Xcode.app/Contents/Developer/Toolchains/XcodeDefault.xctoolchain/usr/bin/lipo exited with 1
2021-07-21 12:26:43 +0000  Skipping architecture thinning for item "OpenSSL" because arch "arm64e" wasn't found
2021-07-21 12:26:43 +0000  Running /Applications/Xcode.app/Contents/Developer/Toolchains/XcodeDefault.xctoolchain/usr/bin/lipo '/var/folders/6m/_brklm2566b_xjy860jcmqg40000gn/T/XcodeDistPipeline.~~~Zy8KnG/Root/Payload/Majesty.app/Majesty' '-verify_arch' 'arm64e'
2021-07-21 12:26:43 +0000  /Applications/Xcode.app/Contents/Developer/Toolchains/XcodeDefault.xctoolchain/usr/bin/lipo exited with 1
2021-07-21 12:26:43 +0000  Skipping architecture thinning for item "Majesty" because arch "arm64e" wasn't found
2021-07-21 12:26:43 +0000  Processing step: IDEDistributionODRStep
2021-07-21 12:26:43 +0000  Processing step: IDEDistributionStripXattrsStep
2021-07-21 12:26:43 +0000  Skipping stripping extended attributes of item: <IDEDistributionItem: 0x7fef6ec11800; bundleID='com.github.krzyzanowskim.OpenSSL', path='<DVTFilePath:0x7fef7d6247c0:'/Users/ios/Library/Developer/Xcode/Archives/2021-07-21/Majesty 21-07-21, 5.56 PM.xcarchive/Products/Applications/Majesty.app/Frameworks/OpenSSL.framework'>', codeSigningInfo='<_DVTCodeSigningInformation_Path: 0x7fef80ec1760; isSigned='1', isAdHocSigned='0', signingCertificate='<DVTSigningCertificate: 0x7fef927a9830; name='Apple Development: Codetribe Solutions (CUFDWZQY7R)', hash='2D36EDB76F63BC04454847CB2626E860119401CA', serialNumber='<DVTSigningCertificateSerialNumber: 0x7fef80a0fe10>', certificateKinds='(
    "1.2.840.113635.100.6.1.12",
    "1.2.840.113635.100.6.1.2"
), issueDate='2021-02-12 11:26:07 +0000''>', entitlements='(null)', teamID='C8XGHQL74J', identifier='com.github.krzyzanowskim.OpenSSL', executablePath='<DVTFilePath:0x7fef7da6d320:'/Users/ios/Library/Developer/Xcode/Archives/2021-07-21/Majesty 21-07-21, 5.56 PM.xcarchive/Products/Applications/Majesty.app/Frameworks/OpenSSL.framework/OpenSSL'>', hardenedRuntime='0'>'>
2021-07-21 12:26:43 +0000  Running /usr/bin/xattr '-crs' '/var/folders/6m/_brklm2566b_xjy860jcmqg40000gn/T/XcodeDistPipeline.~~~Zy8KnG/Root/Payload/Majesty.app'
2021-07-21 12:26:43 +0000  /usr/bin/xattr exited with 0
2021-07-21 12:26:43 +0000  Processing step: IDEDistributionCodesignStep
2021-07-21 12:26:43 +0000  Entitlements for <IDEDistributionItem: 0x7fef6ec11800; bundleID='com.github.krzyzanowskim.OpenSSL', path='<DVTFilePath:0x7fef7d6247c0:'/Users/ios/Library/Developer/Xcode/Archives/2021-07-21/Majesty 21-07-21, 5.56 PM.xcarchive/Products/Applications/Majesty.app/Frameworks/OpenSSL.framework'>', codeSigningInfo='<_DVTCodeSigningInformation_Path: 0x7fef80ec1760; isSigned='1', isAdHocSigned='0', signingCertificate='<DVTSigningCertificate: 0x7fef927a9830; name='Apple Development: Codetribe Solutions (CUFDWZQY7R)', hash='2D36EDB76F63BC04454847CB2626E860119401CA', serialNumber='<DVTSigningCertificateSerialNumber: 0x7fef81f15110>', certificateKinds='(
    "1.2.840.113635.100.6.1.12",
    "1.2.840.113635.100.6.1.2"
), issueDate='2021-02-12 11:26:07 +0000''>', entitlements='(null)', teamID='C8XGHQL74J', identifier='com.github.krzyzanowskim.OpenSSL', executablePath='<DVTFilePath:0x7fef7da6d320:'/Users/ios/Library/Developer/Xcode/Archives/2021-07-21/Majesty 21-07-21, 5.56 PM.xcarchive/Products/Applications/Majesty.app/Frameworks/OpenSSL.framework/OpenSSL'>', hardenedRuntime='0'>'>: {
}
2021-07-21 12:26:43 +0000  Entitlements for <IDEDistributionItem: 0x7fef6ec11800; bundleID='com.github.krzyzanowskim.OpenSSL', path='<DVTFilePath:0x7fef7d6247c0:'/Users/ios/Library/Developer/Xcode/Archives/2021-07-21/Majesty 21-07-21, 5.56 PM.xcarchive/Products/Applications/Majesty.app/Frameworks/OpenSSL.framework'>', codeSigningInfo='<_DVTCodeSigningInformation_Path: 0x7fef80ec1760; isSigned='1', isAdHocSigned='0', signingCertificate='<DVTSigningCertificate: 0x7fef81f1b100; name='Apple Development: Codetribe Solutions (CUFDWZQY7R)', hash='2D36EDB76F63BC04454847CB2626E860119401CA', serialNumber='<DVTSigningCertificateSerialNumber: 0x7fef81f4c080>', certificateKinds='(
    "1.2.840.113635.100.6.1.12",
    "1.2.840.113635.100.6.1.2"
), issueDate='2021-02-12 11:26:07 +0000''>', entitlements='(null)', teamID='C8XGHQL74J', identifier='com.github.krzyzanowskim.OpenSSL', executablePath='<DVTFilePath:0x7fef7da6d320:'/Users/ios/Library/Developer/Xcode/Archives/2021-07-21/Majesty 21-07-21, 5.56 PM.xcarchive/Products/Applications/Majesty.app/Frameworks/OpenSSL.framework/OpenSSL'>', hardenedRuntime='0'>'> are: {
}
2021-07-21 12:26:43 +0000  Writing entitlements for <IDEDistributionItem: 0x7fef6ec11800; bundleID='com.github.krzyzanowskim.OpenSSL', path='<DVTFilePath:0x7fef7d6247c0:'/Users/ios/Library/Developer/Xcode/Archives/2021-07-21/Majesty 21-07-21, 5.56 PM.xcarchive/Products/Applications/Majesty.app/Frameworks/OpenSSL.framework'>', codeSigningInfo='<_DVTCodeSigningInformation_Path: 0x7fef80ec1760; isSigned='1', isAdHocSigned='0', signingCertificate='<DVTSigningCertificate: 0x7fef81d63500; name='Apple Development: Codetribe Solutions (CUFDWZQY7R)', hash='2D36EDB76F63BC04454847CB2626E860119401CA', serialNumber='<DVTSigningCertificateSerialNumber: 0x7fef81f42580>', certificateKinds='(
    "1.2.840.113635.100.6.1.12",
    "1.2.840.113635.100.6.1.2"
), issueDate='2021-02-12 11:26:07 +0000''>', entitlements='(null)', teamID='C8XGHQL74J', identifier='com.github.krzyzanowskim.OpenSSL', executablePath='<DVTFilePath:0x7fef7da6d320:'/Users/ios/Library/Developer/Xcode/Archives/2021-07-21/Majesty 21-07-21, 5.56 PM.xcarchive/Products/Applications/Majesty.app/Frameworks/OpenSSL.framework/OpenSSL'>', hardenedRuntime='0'>'> to: /var/folders/6m/_brklm2566b_xjy860jcmqg40000gn/T/XcodeDistPipeline.~~~Zy8KnG/entitlements~~~dn1OHv
2021-07-21 12:26:43 +0000  Running /usr/bin/codesign '-vvv' '--force' '--sign' '2D36EDB76F63BC04454847CB2626E860119401CA' '--entitlements' '/var/folders/6m/_brklm2566b_xjy860jcmqg40000gn/T/XcodeDistPipeline.~~~Zy8KnG/entitlements~~~dn1OHv' '--preserve-metadata=identifier,flags,runtime' '/var/folders/6m/_brklm2566b_xjy860jcmqg40000gn/T/XcodeDistPipeline.~~~Zy8KnG/Root/Payload/Majesty.app/Frameworks/OpenSSL.framework'
2021-07-21 12:26:43 +0000  /var/folders/6m/_brklm2566b_xjy860jcmqg40000gn/T/XcodeDistPipeline.~~~Zy8KnG/Root/Payload/Majesty.app/Frameworks/OpenSSL.framework: signed bundle with Mach-O universal (arm64) [com.github.krzyzanowskim.OpenSSL]
2021-07-21 12:26:43 +0000  /usr/bin/codesign exited with 0
2021-07-21 12:26:43 +0000  Entitlements for <IDEDistributionItem: 0x7fef7dae6170; bundleID='com.serveon.app', path='<DVTFilePath:0x7fef7b781680:'/Users/ios/Library/Developer/Xcode/Archives/2021-07-21/Majesty 21-07-21, 5.56 PM.xcarchive/Products/Applications/Majesty.app'>', codeSigningInfo='<_DVTCodeSigningInformation_Path: 0x7fef7f2a41b0; isSigned='1', isAdHocSigned='0', signingCertificate='<DVTSigningCertificate: 0x7fef7d6834e0; name='Apple Development: Codetribe Solutions (CUFDWZQY7R)', hash='2D36EDB76F63BC04454847CB2626E860119401CA', serialNumber='<DVTSigningCertificateSerialNumber: 0x7fef7d64f760>', certificateKinds='(
    "1.2.840.113635.100.6.1.12",
    "1.2.840.113635.100.6.1.2"
), issueDate='2021-02-12 11:26:07 +0000''>', entitlements='{
    "application-identifier" = "C8XGHQL74J.com.serveon.app";
    "com.apple.developer.team-identifier" = C8XGHQL74J;
    "get-task-allow" = 1;
    "keychain-access-groups" =     (
        "C8XGHQL74J.com.serveon.app"
    );
}', teamID='C8XGHQL74J', identifier='com.serveon.app', executablePath='<DVTFilePath:0x7fef7d6a7360:'/Users/ios/Library/Developer/Xcode/Archives/2021-07-21/Majesty 21-07-21, 5.56 PM.xcarchive/Products/Applications/Majesty.app/Majesty'>', hardenedRuntime='0'>'>: {
    "application-identifier" = "C8XGHQL74J.com.serveon.app";
    "com.apple.developer.team-identifier" = C8XGHQL74J;
    "get-task-allow" = 1;
    "keychain-access-groups" =     (
        "C8XGHQL74J.com.serveon.app"
    );
}
2021-07-21 12:26:43 +0000  Entitlements for <IDEDistributionItem: 0x7fef7dae6170; bundleID='com.serveon.app', path='<DVTFilePath:0x7fef7b781680:'/Users/ios/Library/Developer/Xcode/Archives/2021-07-21/Majesty 21-07-21, 5.56 PM.xcarchive/Products/Applications/Majesty.app'>', codeSigningInfo='<_DVTCodeSigningInformation_Path: 0x7fef7f2a41b0; isSigned='1', isAdHocSigned='0', signingCertificate='<DVTSigningCertificate: 0x7fef81f39ac0; name='Apple Development: Codetribe Solutions (CUFDWZQY7R)', hash='2D36EDB76F63BC04454847CB2626E860119401CA', serialNumber='<DVTSigningCertificateSerialNumber: 0x7fef80a99f50>', certificateKinds='(
    "1.2.840.113635.100.6.1.12",
    "1.2.840.113635.100.6.1.2"
), issueDate='2021-02-12 11:26:07 +0000''>', entitlements='{
    "application-identifier" = "C8XGHQL74J.com.serveon.app";
    "com.apple.developer.team-identifier" = C8XGHQL74J;
    "get-task-allow" = 1;
    "keychain-access-groups" =     (
        "C8XGHQL74J.com.serveon.app"
    );
}', teamID='C8XGHQL74J', identifier='com.serveon.app', executablePath='<DVTFilePath:0x7fef7d6a7360:'/Users/ios/Library/Developer/Xcode/Archives/2021-07-21/Majesty 21-07-21, 5.56 PM.xcarchive/Products/Applications/Majesty.app/Majesty'>', hardenedRuntime='0'>'> are: {
    "application-identifier" = "C8XGHQL74J.com.serveon.app";
    "com.apple.developer.team-identifier" = C8XGHQL74J;
    "get-task-allow" = 1;
    "keychain-access-groups" =     (
        "C8XGHQL74J.com.serveon.app"
    );
}
2021-07-21 12:26:43 +0000  Writing entitlements for <IDEDistributionItem: 0x7fef7dae6170; bundleID='com.serveon.app', path='<DVTFilePath:0x7fef7b781680:'/Users/ios/Library/Developer/Xcode/Archives/2021-07-21/Majesty 21-07-21, 5.56 PM.xcarchive/Products/Applications/Majesty.app'>', codeSigningInfo='<_DVTCodeSigningInformation_Path: 0x7fef7f2a41b0; isSigned='1', isAdHocSigned='0', signingCertificate='<DVTSigningCertificate: 0x7fef7d053160; name='Apple Development: Codetribe Solutions (CUFDWZQY7R)', hash='2D36EDB76F63BC04454847CB2626E860119401CA', serialNumber='<DVTSigningCertificateSerialNumber: 0x7fef7b7858a0>', certificateKinds='(
    "1.2.840.113635.100.6.1.12",
    "1.2.840.113635.100.6.1.2"
), issueDate='2021-02-12 11:26:07 +0000''>', entitlements='{
    "application-identifier" = "C8XGHQL74J.com.serveon.app";
    "com.apple.developer.team-identifier" = C8XGHQL74J;
    "get-task-allow" = 1;
    "keychain-access-groups" =     (
        "C8XGHQL74J.com.serveon.app"
    );
}', teamID='C8XGHQL74J', identifier='com.serveon.app', executablePath='<DVTFilePath:0x7fef7d6a7360:'/Users/ios/Library/Developer/Xcode/Archives/2021-07-21/Majesty 21-07-21, 5.56 PM.xcarchive/Products/Applications/Majesty.app/Majesty'>', hardenedRuntime='0'>'> to: /var/folders/6m/_brklm2566b_xjy860jcmqg40000gn/T/XcodeDistPipeline.~~~Zy8KnG/entitlements~~~OuJtaW
2021-07-21 12:26:43 +0000  Running /usr/bin/codesign '-vvv' '--force' '--sign' '2D36EDB76F63BC04454847CB2626E860119401CA' '--entitlements' '/var/folders/6m/_brklm2566b_xjy860jcmqg40000gn/T/XcodeDistPipeline.~~~Zy8KnG/entitlements~~~OuJtaW' '--preserve-metadata=identifier,flags,runtime' '/var/folders/6m/_brklm2566b_xjy860jcmqg40000gn/T/XcodeDistPipeline.~~~Zy8KnG/Root/Payload/Majesty.app'
2021-07-21 12:26:44 +0000  /var/folders/6m/_brklm2566b_xjy860jcmqg40000gn/T/XcodeDistPipeline.~~~Zy8KnG/Root/Payload/Majesty.app: signed app bundle with Mach-O thin (arm64) [com.serveon.app]
2021-07-21 12:26:44 +0000  /usr/bin/codesign exited with 0
2021-07-21 12:26:44 +0000  Processing step: IDEDistributionZipODRItemStep
2021-07-21 12:26:44 +0000  Skipping step: IDEDistributionZipODRItemStep because it said so
2021-07-21 12:26:44 +0000  Skipping step: IDEDistributionZipODRItemStep because it said so
2021-07-21 12:26:44 +0000  Processing step: IDEDistributionCreateIPAStep
2021-07-21 12:26:44 +0000  Running /usr/bin/ditto '-V' '-c' '-k' '--norsrc' '/var/folders/6m/_brklm2566b_xjy860jcmqg40000gn/T/XcodeDistPipeline.~~~Zy8KnG/Root' '/var/folders/6m/_brklm2566b_xjy860jcmqg40000gn/T/XcodeDistPipeline.~~~Zy8KnG/Packages/Majesty.ipa'
2021-07-21 12:26:44 +0000  >>> Copying /var/folders/6m/_brklm2566b_xjy860jcmqg40000gn/T/XcodeDistPipeline.~~~Zy8KnG/Root 
2021-07-21 12:26:44 +0000  copying file ./Payload/Majesty.app/_CodeSignature/CodeResources ... 
2021-07-21 12:26:44 +0000  17020 bytes for ./Payload/Majesty.app/_CodeSignature/CodeResources
2021-07-21 12:26:44 +0000  copying file ./Payload/Majesty.app/SfProDisplay.ttf ... 
2021-07-21 12:26:44 +0000  413924 bytes for ./Payload/Majesty.app/SfProDisplay.ttf
2021-07-21 12:26:44 +0000  copying file ./Payload/Majesty.app/AccessibilityResources.bundle/en.lproj/Localizable.strings ... 
2021-07-21 12:26:44 +0000  530 bytes for ./Payload/Majesty.app/AccessibilityResources.bundle/en.lproj/Localizable.strings
copying file ./Payload/Majesty.app/AccessibilityResources.bundle/Info.plist ... 
2021-07-21 12:26:44 +0000  745 bytes for ./Payload/Majesty.app/AccessibilityResources.bundle/Info.plist
copying file ./Payload/Majesty.app/Assets.car ... 
2021-07-21 12:26:44 +0000  41151 bytes for ./Payload/Majesty.app/Assets.car
copying file ./Payload/Majesty.app/main.jsbundle ... 
2021-07-21 12:26:44 +0000  1688577 bytes for ./Payload/Majesty.app/main.jsbundle
copying file ./Payload/Majesty.app/Majesty ... 
2021-07-21 12:26:44 +0000  3258432 bytes for ./Payload/Majesty.app/Majesty
2021-07-21 12:26:44 +0000  copying file ./Payload/Majesty.app/LaunchScreen.storyboardc/01J-lp-oVM-view-Ze5-6b-2t3.nib ... 
4363 bytes for ./Payload/Majesty.app/LaunchScreen.storyboardc/01J-lp-oVM-view-Ze5-6b-2t3.nib
copying file ./Payload/Majesty.app/LaunchScreen.storyboardc/UIViewController-01J-lp-oVM.nib ... 
896 bytes for ./Payload/Majesty.app/LaunchScreen.storyboardc/UIViewController-01J-lp-oVM.nib
copying file ./Payload/Majesty.app/LaunchScreen.storyboardc/Info.plist ... 
258 bytes for ./Payload/Majesty.app/LaunchScreen.storyboardc/Info.plist
copying file ./Payload/Majesty.app/Frameworks/OpenSSL.framework/_CodeSignature/CodeResources ... 
1798 bytes for ./Payload/Majesty.app/Frameworks/OpenSSL.framework/_CodeSignature/CodeResources
copying file ./Payload/Majesty.app/Frameworks/OpenSSL.framework/OpenSSL ... 
2021-07-21 12:26:44 +0000  2561040 bytes for ./Payload/Majesty.app/Frameworks/OpenSSL.framework/OpenSSL
copying file ./Payload/Majesty.app/Frameworks/OpenSSL.framework/Info.plist ... 
2021-07-21 12:26:44 +0000  716 bytes for ./Payload/Majesty.app/Frameworks/OpenSSL.framework/Info.plist
copying file ./Payload/Majesty.app/embedded.mobileprovision ... 
17624 bytes for ./Payload/Majesty.app/embedded.mobileprovision
copying file ./Payload/Majesty.app/SfProDisplayBold.ttf ... 
2021-07-21 12:26:44 +0000  435904 bytes for ./Payload/Majesty.app/SfProDisplayBold.ttf
2021-07-21 12:26:44 +0000  copying file ./Payload/Majesty.app/assets/app/assets/giphy-8.png ... 
2021-07-21 12:26:44 +0000  504832 bytes for ./Payload/Majesty.app/assets/app/assets/giphy-8.png
copying file ./Payload/Majesty.app/assets/app/assets/giphy-9.png ... 
2021-07-21 12:26:44 +0000  874162 bytes for ./Payload/Majesty.app/assets/app/assets/giphy-9.png
copying file ./Payload/Majesty.app/assets/app/assets/emoji.png ... 
2021-07-21 12:26:44 +0000  943 bytes for ./Payload/Majesty.app/assets/app/assets/emoji.png
copying file ./Payload/Majesty.app/assets/app/assets/ellipse.png ... 
2021-07-21 12:26:44 +0000  726 bytes for ./Payload/Majesty.app/assets/app/assets/ellipse.png
copying file ./Payload/Majesty.app/assets/app/assets/settings.png ... 
2021-07-21 12:26:44 +0000  1318 bytes for ./Payload/Majesty.app/assets/app/assets/settings.png
copying file ./Payload/Majesty.app/assets/app/assets/post.png ... 
2021-07-21 12:26:44 +0000  900 bytes for ./Payload/Majesty.app/assets/app/assets/post.png
copying file ./Payload/Majesty.app/assets/app/assets/giphy-2.gif ... 
2021-07-21 12:26:44 +0000  2932137 bytes for ./Payload/Majesty.app/assets/app/assets/giphy-2.gif
copying file ./Payload/Majesty.app/assets/app/assets/giphy-3.gif ... 
2021-07-21 12:26:44 +0000  2856585 bytes for ./Payload/Majesty.app/assets/app/assets/giphy-3.gif
copying file ./Payload/Majesty.app/assets/app/assets/giphy-1.gif ... 
2021-07-21 12:26:44 +0000  2861192 bytes for ./Payload/Majesty.app/assets/app/assets/giphy-1.gif
copying file ./Payload/Majesty.app/assets/app/assets/library.png ... 
2021-07-21 12:26:44 +0000  566 bytes for ./Payload/Majesty.app/assets/app/assets/library.png
copying file ./Payload/Majesty.app/assets/app/assets/giphy-4.gif ... 
2021-07-21 12:26:44 +0000  2341504 bytes for ./Payload/Majesty.app/assets/app/assets/giphy-4.gif
copying file ./Payload/Majesty.app/assets/app/assets/repeat.png ... 
2021-07-21 12:26:44 +0000  1305 bytes for ./Payload/Majesty.app/assets/app/assets/repeat.png
copying file ./Payload/Majesty.app/assets/app/assets/dots.png ... 
2021-07-21 12:26:44 +0000  359 bytes for ./Payload/Majesty.app/assets/app/assets/dots.png
copying file ./Payload/Majesty.app/assets/app/assets/like.png ... 
2021-07-21 12:26:44 +0000  1565 bytes for ./Payload/Majesty.app/assets/app/assets/like.png
copying file ./Payload/Majesty.app/assets/app/assets/search.png ... 
2021-07-21 12:26:44 +0000  982 bytes for ./Payload/Majesty.app/assets/app/assets/search.png
copying file ./Payload/Majesty.app/assets/app/assets/heart.png ... 
2021-07-21 12:26:44 +0000  518 bytes for ./Payload/Majesty.app/assets/app/assets/heart.png
copying file ./Payload/Majesty.app/assets/app/assets/pause.png ... 
2021-07-21 12:26:44 +0000  301 bytes for ./Payload/Majesty.app/assets/app/assets/pause.png
copying file ./Payload/Majesty.app/assets/app/assets/track_notes.png ... 
2021-07-21 12:26:44 +0000  1040 bytes for ./Payload/Majesty.app/assets/app/assets/track_notes.png
copying file ./Payload/Majesty.app/assets/app/assets/bottomCrown.png ... 
2021-07-21 12:26:44 +0000  1438 bytes for ./Payload/Majesty.app/assets/app/assets/bottomCrown.png
copying file ./Payload/Majesty.app/assets/app/assets/dropdown.png ... 
2021-07-21 12:26:44 +0000  245 bytes for ./Payload/Majesty.app/assets/app/assets/dropdown.png
copying file ./Payload/Majesty.app/assets/app/assets/share.png ... 
526 bytes for ./Payload/Majesty.app/assets/app/assets/share.png
2021-07-21 12:26:44 +0000  copying file ./Payload/Majesty.app/assets/app/assets/profile.png ... 
2021-07-21 12:26:44 +0000  931 bytes for ./Payload/Majesty.app/assets/app/assets/profile.png
copying file ./Payload/Majesty.app/assets/app/assets/artist.png ... 
2021-07-21 12:26:44 +0000  1211281 bytes for ./Payload/Majesty.app/assets/app/assets/artist.png
copying file ./Payload/Majesty.app/assets/app/assets/createPost.png ... 
2021-07-21 12:26:44 +0000  539 bytes for ./Payload/Majesty.app/assets/app/assets/createPost.png
copying file ./Payload/Majesty.app/assets/app/assets/artistGif.png ... 
2021-07-21 12:26:44 +0000  433155 bytes for ./Payload/Majesty.app/assets/app/assets/artistGif.png
copying file ./Payload/Majesty.app/assets/app/assets/message.png ... 
2021-07-21 12:26:44 +0000  369 bytes for ./Payload/Majesty.app/assets/app/assets/message.png
copying file ./Payload/Majesty.app/assets/app/assets/play.png ... 
375 bytes for ./Payload/Majesty.app/assets/app/assets/play.png
2021-07-21 12:26:44 +0000  copying file ./Payload/Majesty.app/assets/app/assets/crown.png ... 
1258 bytes for ./Payload/Majesty.app/assets/app/assets/crown.png
2021-07-21 12:26:44 +0000  copying file ./Payload/Majesty.app/assets/app/assets/giphy-5.png ... 
2021-07-21 12:26:44 +0000  912737 bytes for ./Payload/Majesty.app/assets/app/assets/giphy-5.png
copying file ./Payload/Majesty.app/assets/app/assets/giphy-7.png ... 
2021-07-21 12:26:44 +0000  776839 bytes for ./Payload/Majesty.app/assets/app/assets/giphy-7.png
copying file ./Payload/Majesty.app/assets/app/assets/giphy-10.png ... 
2021-07-21 12:26:44 +0000  1035295 bytes for ./Payload/Majesty.app/assets/app/assets/giphy-10.png
2021-07-21 12:26:44 +0000  copying file ./Payload/Majesty.app/assets/app/assets/close.png ... 
2338 bytes for ./Payload/Majesty.app/assets/app/assets/close.png
2021-07-21 12:26:44 +0000  copying file ./Payload/Majesty.app/assets/app/assets/giphy-6.png ... 
2021-07-21 12:26:44 +0000  877401 bytes for ./Payload/Majesty.app/assets/app/assets/giphy-6.png
copying file ./Payload/Majesty.app/assets/app/assets/Majesty.png ... 
2021-07-21 12:26:44 +0000  7853 bytes for ./Payload/Majesty.app/assets/app/assets/Majesty.png
2021-07-21 12:26:44 +0000  copying file ./Payload/Majesty.app/assets/node_modules/css-tree/package.json ... 
2021-07-21 12:26:44 +0000  1977 bytes for ./Payload/Majesty.app/assets/node_modules/css-tree/package.json
2021-07-21 12:26:44 +0000  copying file ./Payload/Majesty.app/assets/node_modules/css-tree/data/patch.json ... 
2021-07-21 12:26:44 +0000  38458 bytes for ./Payload/Majesty.app/assets/node_modules/css-tree/data/patch.json
2021-07-21 12:26:44 +0000  copying file ./Payload/Majesty.app/assets/node_modules/react-native/Libraries/NewAppScreen/components/logo.png ... 
2021-07-21 12:26:44 +0000  24031 bytes for ./Payload/Majesty.app/assets/node_modules/react-native/Libraries/NewAppScreen/components/logo.png
2021-07-21 12:26:44 +0000  copying file ./Payload/Majesty.app/assets/node_modules/dom-serializer/foreignNames.json ... 
2021-07-21 12:26:44 +0000  3149 bytes for ./Payload/Majesty.app/assets/node_modules/dom-serializer/foreignNames.json
2021-07-21 12:26:44 +0000  copying file ./Payload/Majesty.app/assets/node_modules/css-select/lib/procedure.json ... 
145 bytes for ./Payload/Majesty.app/assets/node_modules/css-select/lib/procedure.json
2021-07-21 12:26:44 +0000  copying file ./Payload/Majesty.app/assets/node_modules/mdn-data/css/at-rules.json ... 
2021-07-21 12:26:44 +0000  16632 bytes for ./Payload/Majesty.app/assets/node_modules/mdn-data/css/at-rules.json
2021-07-21 12:26:44 +0000  copying file ./Payload/Majesty.app/assets/node_modules/mdn-data/css/properties.json ... 
2021-07-21 12:26:44 +0000  265782 bytes for ./Payload/Majesty.app/assets/node_modules/mdn-data/css/properties.json
2021-07-21 12:26:44 +0000  copying file ./Payload/Majesty.app/assets/node_modules/mdn-data/css/syntaxes.json ... 
2021-07-21 12:26:44 +0000  26634 bytes for ./Payload/Majesty.app/assets/node_modules/mdn-data/css/syntaxes.json
2021-07-21 12:26:44 +0000  copying file ./Payload/Majesty.app/assets/node_modules/entities/lib/maps/xml.json ... 
2021-07-21 12:26:44 +0000  53 bytes for ./Payload/Majesty.app/assets/node_modules/entities/lib/maps/xml.json
copying file ./Payload/Majesty.app/assets/node_modules/entities/lib/maps/decode.json ... 
2021-07-21 12:26:44 +0000  299 bytes for ./Payload/Majesty.app/assets/node_modules/entities/lib/maps/decode.json
copying file ./Payload/Majesty.app/assets/node_modules/entities/lib/maps/entities.json ... 
2021-07-21 12:26:44 +0000  32977 bytes for ./Payload/Majesty.app/assets/node_modules/entities/lib/maps/entities.json
copying file ./Payload/Majesty.app/assets/node_modules/entities/lib/maps/legacy.json ... 
2021-07-21 12:26:44 +0000  1356 bytes for ./Payload/Majesty.app/assets/node_modules/entities/lib/maps/legacy.json
2021-07-21 12:26:44 +0000  copying file ./Payload/Majesty.app/Info.plist ... 
1312 bytes for ./Payload/Majesty.app/Info.plist
2021-07-21 12:26:44 +0000  copying file ./Payload/Majesty.app/PkgInfo ... 
8 bytes for ./Payload/Majesty.app/PkgInfo
2021-07-21 12:26:44 +0000  /usr/bin/ditto exited with 0
2021-07-21 12:26:44 +0000  Processing step: IDEDistributionAppStoreInformationStep
2021-07-21 12:26:44 +0000  Skipping step: IDEDistributionAppStoreInformationStep because it said so
2021-07-21 12:26:44 +0000  Processing step: IDEDistributionGenerateProcessedDistributionItems
2021-07-21 12:26:45 +0000  IDEDistributionItem init <DVTFilePath:0x7fef6f856670:'/var/folders/6m/_brklm2566b_xjy860jcmqg40000gn/T/XcodeDistPipeline.~~~Zy8KnG/Root/Payload/Majesty.app/Frameworks/OpenSSL.framework'>
2021-07-21 12:26:45 +0000  IDEDistributionItem init <DVTFilePath:0x7fef7d8c04c0:'/var/folders/6m/_brklm2566b_xjy860jcmqg40000gn/T/XcodeDistPipeline.~~~Zy8KnG/Root/Payload/Majesty.app'>
2021-07-21 12:26:45 +0000  Processing step: IDEDistributionCreateManifestStep
